* Microsoft COBOL Version 4.5        L2.4 revision 002 03-Mar-13 15:17 Page   1
*                                       EX02.CBL
* Options: LIST(EX02.LST) ASMLIST(EX02.GRP)
     1 IDENTIFICATION DIVISION.
     2     PROGRAM-ID.          EX02.
     3     AUTHOR.              CLEDIR JUSTO.
     4     INSTALLATION.        FATEC-SP.
     5     DATE-WRITTEN.        03/03/2013.
     6     DATE-COMPILED.
     7     SECURITY.
     8
     9 ENVIRONMENT DIVISION.
    10 CONFIGURATION SECTION.
    11 SOURCE-COMPUTER.         IBM-PC.
    12 OBJECT-COMPUTER.         IBM-PC.
    13 SPECIAL-NAMES.           DECIMAL-POINT IS COMMA.
    14
    15 INPUT-OUTPUT SECTION.
    16 FILE-CONTROL.
    17     SELECT CADALU ASSIGN TO DISK
    18     ORGANIZATION IS LINE SEQUENTIAL.
    19     SELECT CADATU ASSIGN TO DISK
    20     ORGANIZATION IS LINE SEQUENTIAL.
    21
    22 DATA DIVISION.
    23 FILE SECTION.
    24 FD CADALU
    25     LABEL RECORD ARE STANDARD
    26     VALUE OF FILE-ID IS "CADALU.DAT".
    27
    28 01 REG-ENT.
    29     02 NUMERO            PIC 9(05).
    30     02 NOME              PIC X(20).
    31     02 SEXO              PIC X(01).
    32     02 DD                PIC 9(02).
    33     02 MM                PIC 9(02).
    34     02 AAAA              PIC 9(04).
    35
    36 FD CADATU
    37     LABEL RECORD ARE STANDARD
    38     VALUE OF FILE-ID IS "CADATU.DAT".
    39
    40 01 REG-SAI.
    41     02 NUMERO-SAI        PIC 9(05).
    42     02 NOME-SAI          PIC X(20).
    43     02 DD-SAI            PIC 9(02).
    44     02 MM-SAI            PIC 9(02).
    45     02 AAAA-SAI          PIC 9(04).
    46
    47     WORKING-STORAGE SECTION.
    48     77 FIM-ARQ           PIC X(03) VALUE "NAO".
    49
    50 PROCEDURE DIVISION.
    51
    52 PGM-EX02.
    53     PERFORM INICIO.
    54     PERFORM PRINCIPAL
    55       UNTIL FIM-ARQ EQUAL "SIM".
    56
    57     PERFORM TERMINO.
* Microsoft COBOL Version 4.5        L2.4 revision 002 03-Mar-13 15:17 Page   2
*                                       EX02.CBL
    58
    59 STOP RUN.
    60
    61 INICIO.
    62
    63     OPEN INPUT CADALU
    64          OUTPUT CADATU.
    65     PERFORM LEITURA.
    66
    67 LEITURA.
    68     READ CADALU
    69     AT END
    70     MOVE "SIM" TO FIM-ARQ.
    71
    72 PRINCIPAL.
    73     PERFORM GRAVACAO.
    74     PERFORM LEITURA.
    75
    76 GRAVACAO.
    77     MOVE NUMERO TO NUMERO-SAI.
    78     MOVE NOME TO NOME-SAI.
    79     MOVE DD TO DD-SAI.
    80     MOVE MM TO MM-SAI.
    81     MOVE AAAA TO AAAA-SAI.
    82     WRITE REG-SAI.
    83
    84 TERMINO.
    85     CLOSE   CADALU
    86             CADATU.
* Microsoft COBOL Version 4.5        L2.4 revision 002
* (C)Copyright Microsoft Corp 1984, 1991       URN AXUPA/MS0/000000
*                                              REF GNB-024050002A7
*
* Total Messages:     0
* Data:        1032     Code:         334     Dictionary:        1199
