* Microsoft COBOL Version 4.5        L2.4 revision 002 03-Mar-13 15:50 Page   1
*                                       EX03.CBL
* Options: LIST(EX03.LST) ASMLIST(EX03.GRP)
     1 IDENTIFICATION DIVISION.
     2     PROGRAM-ID.          EX03.
     3     AUTHOR.              CLEDIR JUSTO.
     4     INSTALLATION.        FATEC-SP.
     5     DATE-WRITTEN.        03/03/2013.
     6     DATE-COMPILED.
     7     SECURITY.
     8
     9 ENVIRONMENT DIVISION.
    10 CONFIGURATION SECTION.
    11 SOURCE-COMPUTER.         IBM-PC.
    12 OBJECT-COMPUTER.         IBM-PC.
    13 SPECIAL-NAMES.           DECIMAL-POINT IS COMMA.
    14
    15 INPUT-OUTPUT SECTION.
    16 FILE-CONTROL.
    17     SELECT CADALU ASSIGN TO DISK
    18     ORGANIZATION IS LINE SEQUENTIAL.
    19     SELECT CADATU ASSIGN TO DISK
    20     ORGANIZATION IS LINE SEQUENTIAL.
    21
    22 DATA DIVISION.
    23 FILE SECTION.
    24 FD CADALU
    25     LABEL RECORD ARE STANDARD
    26     VALUE OF FILE-ID IS "CADALU.DAT".
    27
    28 01 REG-ENT.
    29     02 NUMERO            PIC 9(05).
    30     02 NOME              PIC X(20).
    31     02 NOTA1             PIC 9(02)V99.
    32     02 NOTA2             PIC 9(02)V99.
    33     02 NOTA3             PIC 9(02)V99.
    34
    35 FD CADATU
    36     LABEL RECORD ARE STANDARD
    37     VALUE OF FILE-ID IS "CADATU.DAT".
    38
    39 01 REG-SAI.
    40     02 NUMERO-SAI        PIC 9(05).
    41     02 MEDIA-SAI         PIC 9(02)V99.
    42
    43     WORKING-STORAGE SECTION.
    44     77 FIM-ARQ           PIC X(03) VALUE "NAO".
    45     77 SOMA-NOTAS        PIC 9(02)V9(02) VALUE ZEROS.
    46     77 MEDIAFINAL        PIC 99V99 VALUE ZEROS.
    47
    48 PROCEDURE DIVISION.
    49
    50 PGM-EX03.
    51     PERFORM INICIO.
    52     PERFORM PRINCIPAL
    53       UNTIL FIM-ARQ EQUAL "SIM".
    54
    55     PERFORM TERMINO.
    56
    57 STOP RUN.
* Microsoft COBOL Version 4.5        L2.4 revision 002 03-Mar-13 15:50 Page   2
*                                       EX03.CBL
    58
    59 INICIO.
    60
    61     OPEN INPUT CADALU
    62          OUTPUT CADATU.
    63     PERFORM LEITURA.
    64
    65 LEITURA.
    66     READ CADALU
    67     AT END
    68     MOVE "SIM" TO FIM-ARQ.
    69
    70 PRINCIPAL.
    71     PERFORM CALCMEDIA.
    72     PERFORM GRAVACAO.
    73     PERFORM LEITURA.
    74
    75 CALCMEDIA.
    76     ADD NOTA1 NOTA2 NOTA3 GIVING SOMA-NOTAS.
    77     DIVIDE SOMA-NOTAS BY 3 GIVING MEDIAFINAL.
    78
    79 GRAVACAO.
    80     MOVE NUMERO TO NUMERO-SAI.
    81     MOVE MEDIAFINAL TO MEDIA-SAI.
    82     WRITE REG-SAI.
    83
    84 TERMINO.
    85     CLOSE   CADALU
    86             CADATU.
* Microsoft COBOL Version 4.5        L2.4 revision 002
* (C)Copyright Microsoft Corp 1984, 1991       URN AXUPA/MS0/000000
*                                              REF GNB-024050002A7
*
* Total Messages:     0
* Data:        1032     Code:         352     Dictionary:        1243
