* Microsoft COBOL Version 4.5        L2.4 revision 002 23-Feb-13 10:58 Page   1
*                                       EX04.CBL
* Options: LIST(EX04.LST) ASMLIST(EX04.GRP)
     1 IDENTIFICATION DIVISION.
     2     PROGRAM-ID.                  EX00.
     3     AUTHOR.                      CLEDIR JUSTO.
     4     INSTALLATION.                FATEC-SP.
     5     DATE-WRITTEN.                23/02/2013.
     6     DATE-COMPILED.
     7     SECURITY.                    APENAS O AUTOR PODE MODIFICAR.
     8     *REMARKS.            LE OS REGISTRO DO ARQUIVO DE ENTRADA
     9     *CAD-ENT(CODIGO, NOME E SEXO) E GRAVA NO
    10     *ARQUIVO DE SAIDA CAD-SAI (CODIGO E NOME).
    11
    12 ENVIRONMENT DIVISION.
    13 CONFIGURATION SECTION.
    14 SOURCE-COMPUTER.         IBM-PC.
    15 OBJECT-COMPUTER.         IBM-PC.
    16 SPECIAL-NAMES.           DECIMAL-POINT IS COMMA.
    17
    18 INPUT-OUTPUT SECTION.
    19 FILE-CONTROL.
    20     SELECT CAD-ENT ASSIGN TO DISK
    21     ORGANIZATION IS LINE SEQUENTIAL.
    22     SELECT CAD-SAI ASSIGN TO DISK
    23     ORGANIZATION IS LINE SEQUENTIAL.
    24
    25 DATA DIVISION.
    26 FILE SECTION.
    27 FD CAD-ENT
    28     LABEL RECORD ARE STANDARD
    29     VALUE OF FILE-ID IS "CAD-ENT.DAT".
    30
    31 01 REG-ENT.
    32     02 COD-ENT           PIC 9(04).
    33     02 NOME-ENT          PIC X(30).
    34     02 SEXO-ENT          PIC X(01).
    35
    36 FD CAD-SAI
    37     LABEL RECORD ARE STANDARD
    38     VALUE OF FILE-ID IS "CAD-SAI.DAT".
    39
    40 01 REG-SAI.
    41     02 COD-SAI           PIC 9(04).
    42     02 NOME-SAI          PIC X(30).
    43
    44     WORKING-STORAGE SECTION.
    45     77 FIM-ARQ           PIC X(03) VALUE "NAO".
    46
    47 PROCEDURE DIVISION.
    48
    49 PGM-EXEMPLO00.
    50     PERFORM INICIO.
    51     PERFORM PRINCIPAL
    52       UNTIL FIM-ARQ EQUAL "SIM".
    53
    54     PERFORM TERMINO.
    55
    56 STOP RUN.
    57
* Microsoft COBOL Version 4.5        L2.4 revision 002 23-Feb-13 10:58 Page   2
*                                       EX04.CBL
    58 INICIO.
    59
    60     OPEN INPUT CAD-ENT
    61          OUTPUT CAD-SAI.
    62     PERFORM LEITURA.
    63
    64 LEITURA.
    65     READ CAD-ENT
    66     AT END
    67     MOVE "SIM" TO FIM-ARQ.
    68
    69
    70 PRINCIPAL.
    71     PERFORM GRAVACAO.
    72     PERFORM LEITURA.
    73
    74 GRAVACAO.
    75     MOVE COD-ENT TO COD-SAI.
    76     MOVE NOME-ENT TO NOME-SAI.
    77     WRITE REG-SAI.
    78
    79 TERMINO.
    80     CLOSE   CAD-ENT
    81             CAD-SAI.
* Microsoft COBOL Version 4.5        L2.4 revision 002
* (C)Copyright Microsoft Corp 1984, 1991       URN AXUPA/MS0/000000
*                                              REF GNB-024050002A7
*
* Total Messages:     0
* Data:        1032     Code:         313     Dictionary:        1046
