* Microsoft COBOL Version 4.5        L2.4 revision 002 03-Mar-13 16:52 Page   1
*                                       EX06.CBL
* Options: LIST(EX06.LST) ASMLIST(EX06.GRP)
     1 IDENTIFICATION DIVISION.
     2     PROGRAM-ID.                  EX06.
     3     AUTHOR.                      CLEDIR JUSTO.
     4     INSTALLATION.                FATEC-SP.
     5     DATE-WRITTEN.                03/03/2013.
     6     DATE-COMPILED.
     7     SECURITY.
     8
     9
    10 ENVIRONMENT DIVISION.
    11 CONFIGURATION SECTION.
    12 SOURCE-COMPUTER.         IBM-PC.
    13 OBJECT-COMPUTER.         IBM-PC.
    14 SPECIAL-NAMES.           DECIMAL-POINT IS COMMA.
    15
    16 INPUT-OUTPUT SECTION.
    17 FILE-CONTROL.
    18     SELECT CADENT ASSIGN TO DISK
    19     ORGANIZATION IS LINE SEQUENTIAL.
    20     SELECT CADSAI ASSIGN TO DISK
    21     ORGANIZATION IS LINE SEQUENTIAL.
    22
    23 DATA DIVISION.
    24 FILE SECTION.
    25 FD CADENT
    26     LABEL RECORD ARE STANDARD
    27     VALUE OF FILE-ID IS "CADENT.DAT".
    28
    29 01 REG-ENT.
    30     02 MATRICULA-ENT     PIC 9(05).
    31     02 NOME-ENT          PIC X(30).
    32     02 SALARIOB-ENT      PIC 9(05)V99.
    33
    34 FD CADSAI
    35     LABEL RECORD ARE STANDARD
    36     VALUE OF FILE-ID IS "CADSAI.DAT".
    37
    38 01 REG-SAI.
    39     02 MATRICULA-SAI     PIC 9(05).
    40     02 NOME-SAI          PIC X(30).
    41     02 SALARIOB-SAI      PIC 9(5)V99.
    42
    43     WORKING-STORAGE SECTION.
    44     77 FIM-ARQ           PIC X(03) VALUE "NAO".
    45
    46 PROCEDURE DIVISION.
    47
    48 PGM-EXEMPLO06.
    49     PERFORM INICIO.
    50     PERFORM PRINCIPAL
    51       UNTIL FIM-ARQ EQUAL "SIM".
    52
    53     PERFORM TERMINO.
    54
    55 STOP RUN.
    56
    57 INICIO.
* Microsoft COBOL Version 4.5        L2.4 revision 002 03-Mar-13 16:52 Page   2
*                                       EX06.CBL
    58
    59     OPEN INPUT CADENT
    60          OUTPUT CADSAI.
    61     PERFORM LEITURA.
    62
    63 LEITURA.
    64     READ CADENT
    65     AT END
    66     MOVE "SIM" TO FIM-ARQ.
    67
    68 PRINCIPAL.
    69     PERFORM VERIFICACAO.
    70     PERFORM LEITURA.
    71
    72 VERIFICACAO.
    73     IF SALARIOB-ENT > 3000
    74     PERFORM GRAVACAO.
    75
    76 GRAVACAO.
    77     MOVE MATRICULA-ENT TO MATRICULA-SAI.
    78     MOVE NOME-ENT TO NOME-SAI.
    79     MOVE SALARIOB-ENT TO SALARIOB-SAI.
    80     WRITE REG-SAI.
    81
    82 TERMINO.
    83     CLOSE   CADENT
    84             CADSAI.
* Microsoft COBOL Version 4.5        L2.4 revision 002
* (C)Copyright Microsoft Corp 1984, 1991       URN AXUPA/MS0/000000
*                                              REF GNB-024050002A7
*
* Total Messages:     0
* Data:        1048     Code:         338     Dictionary:        1127
